2024-11-27 00:36:44 [info]: GET /products?subcategory=Mobile+Phones 304 - - 7.620 ms
2024-11-27 00:36:48 [info]: GET /products?subcategory=Men%27s+Clothing 200 5502 - 4.663 ms
2024-11-27 00:36:52 [info]: GET /products?subcategory=Refrigerators 200 5502 - 4.822 ms
2024-11-27 00:36:56 [info]: GET /products?subcategory=Skincare 200 5502 - 4.604 ms
2024-11-27 00:36:59 [info]: GET /products?subcategory=Vitamins+%26+Supplements 200 5502 - 3.936 ms
2024-11-27 00:50:21 [info]: GET /products/?category=Electronics 200 987 - 14.613 ms
2024-11-27 00:50:32 [info]: GET /products/?category=Electronics 200 987 - 3.755 ms
2024-11-27 00:51:23 [info]: GET /products/?category=Laptops 200 2 - 2.887 ms
2024-11-27 00:52:13 [info]: GET /products/?category=Fashion 200 4516 - 25.220 ms
2024-11-27 00:53:05 [info]: GET /products/?subcategory=Laptops 400 35 - 0.470 ms
2024-11-27 00:53:42 [info]: GET /products/?subcategory=Laptops 400 35 - 8.397 ms
2024-11-27 00:53:47 [info]: GET /products/?subcategory=Laptops 400 35 - 0.667 ms
2024-11-27 00:55:32 [info]: GET /products/?subcategory=Laptops 400 35 - 1.013 ms
2024-11-27 00:56:56 [info]: GET /products/3 200 525 - 7.435 ms
2024-11-27 00:57:05 [info]: GET /products 400 35 - 0.640 ms
2024-11-27 00:57:09 [info]: GET /products 400 35 - 0.408 ms
2024-11-27 00:59:57 [info]: GET /products/Laptops 400 35 - 4.701 ms
2024-11-27 01:00:00 [info]: GET /products/Laptops 400 35 - 0.958 ms
2024-11-27 01:10:38 [info]: GET /products/Laptops 400 35 - 3.221 ms
2024-11-27 01:10:42 [info]: GET /products/Laptops 400 35 - 1.010 ms
2024-11-27 01:14:31 [info]: GET /products/ 200 5502 - 108.218 ms
2024-11-27 01:14:46 [info]: GET /products/3 400 35 - 5.163 ms
2024-11-27 01:15:15 [info]: GET /products/3 200 525 - 13.805 ms
2024-11-27 01:15:33 [info]: GET /products/Laptops 400 35 - 3.634 ms
2024-11-27 01:17:53 [info]: GET /products/3 400 35 - 6.059 ms
2024-11-27 01:20:42 [info]: GET /products?subcategory=Laptops 200 5502 - 13.369 ms
2024-11-27 01:21:19 [info]: GET /products?subcategory=Laptops 200 5502 - 13.581 ms
2024-11-27 01:21:33 [info]: GET /products?subcategory=Laptops 404 30 - 3.139 ms
2024-11-27 01:21:37 [info]: GET /products?subcategory=Laptops 404 30 - 0.596 ms
2024-11-27 01:22:16 [info]: GET /products?subcategory=Laptops 200 494 - 12.933 ms
2024-11-27 01:22:46 [info]: GET /products?id=3 400 35 - 1.063 ms
2024-11-27 01:27:48 [info]: GET /products?id=3 400 35 - 2.197 ms
2024-11-27 01:30:26 [info]: GET /products?id=3 400 35 - 3.064 ms
2024-11-27 01:30:46 [info]: GET /products?subcategory=Laptops 200 494 - 7.031 ms
2024-11-27 01:33:12 [info]: GET /products?subcategory=Mobile+Phones 200 494 - 34.308 ms
2024-11-27 01:33:19 [info]: GET /products?subcategory=Mobile+Phones 304 - - 6.679 ms
2024-11-27 01:33:23 [info]: GET /products?subcategory=Laptops 200 494 - 6.647 ms
2024-11-27 01:33:26 [info]: GET /products?subcategory=Cameras 200 2 - 3.582 ms
2024-11-27 01:33:29 [info]: GET /products?subcategory=Wearable+Technology 200 2 - 4.503 ms
2024-11-27 01:33:32 [info]: GET /products?subcategory=Wearable+Technology 304 - - 4.290 ms
2024-11-27 01:33:34 [info]: GET /products?subcategory=Audio+Devices 200 2 - 5.630 ms
2024-11-27 01:33:38 [info]: GET /products?subcategory=Men%27s+Clothing 200 4516 - 5.079 ms
2024-11-27 01:34:39 [info]: GET /products?subcategory=Cameras 200 406 - 5.750 ms
2024-11-27 01:34:42 [info]: GET /products?subcategory=Mobile+Phones 304 - - 4.768 ms
2024-11-27 01:35:22 [info]: GET /products?subcategory=Wearable+Technology 200 532 - 4.106 ms
2024-11-27 01:35:25 [info]: GET /products?subcategory=Laptops 304 - - 3.476 ms
2024-11-27 01:35:27 [info]: GET /products?subcategory=Mobile+Phones 304 - - 3.696 ms
2024-11-27 01:58:37 [info]: GET /products?subcategory=Mobile+Phones 200 3058 - 7.448 ms
2024-11-27 01:58:45 [info]: GET /products/recents 200 8064 - 6.344 ms
2024-11-27 01:58:45 [info]: GET /logo192.png 404 30 - 1.042 ms
2024-11-27 01:58:45 [info]: GET /products/recents 304 - - 4.524 ms
2024-11-27 01:58:52 [info]: GET /products?subcategory=Mobile+Phones 304 - - 3.608 ms
2024-11-27 02:16:03 [info]: GET /products?subcategory=Laptops 200 3026 - 5.281 ms
2024-11-27 02:16:29 [info]: GET /products?subcategory=Mobile+Phones 304 - - 4.569 ms
2024-11-27 02:17:23 [info]: GET /products?subcategory=Mobile+Phones 304 - - 32.620 ms
2024-11-27 02:17:27 [info]: GET /products?subcategory=Men%27s+Clothing 200 3578 - 4.866 ms
2024-11-27 02:23:19 [info]: GET /products?subcategory=Laptops 200 3061 - 5.257 ms
2024-11-27 02:32:02 [info]: GET /products?subcategory=Laptops 200 4482 - 5.042 ms
2024-11-27 02:32:18 [info]: GET /products?subcategory=Mobile+Phones 200 3090 - 2.346 ms
2024-11-27 02:32:44 [info]: GET /products?subcategory=Laptops 304 - - 6.574 ms
2024-11-27 02:34:01 [info]: GET /products?subcategory=Mobile+Phones 304 - - 1.826 ms
2024-11-27 02:44:36 [info]: GET /products?subcategory=Mobile+Phones 200 4022 - 2.168 ms
2024-11-27 02:48:13 [info]: GET /products?subcategory=Laptops 304 - - 4.528 ms
2024-11-27 02:50:23 [info]: GET /products?subcategory=Sports+Equipment 200 2 - 1.086 ms
2024-11-27 02:50:29 [info]: GET /products?subcategory=Mobile+Phones 304 - - 2.062 ms
2024-11-27 02:50:37 [info]: GET /products?subcategory=Men%27s+Clothing 304 - - 1.053 ms
2024-11-27 02:51:09 [info]: GET /products?subcategory=Laptops 304 - - 1.563 ms
2024-11-27 02:52:16 [info]: GET /logo192.png 404 30 - 0.320 ms
2024-11-27 02:52:37 [info]: GET /logo192.png 404 30 - 0.184 ms
2024-11-27 02:52:40 [info]: GET /logo192.png 404 30 - 0.153 ms
2024-11-27 02:52:41 [info]: GET /products/recents 200 9439 - 1.938 ms
2024-11-27 02:52:41 [info]: GET /products/recents 304 - - 2.318 ms
2024-11-27 02:52:41 [info]: GET /logo192.png 404 30 - 0.236 ms
2024-11-27 02:54:26 [info]: GET /products/recents 304 - - 2.079 ms
2024-11-27 02:54:39 [info]: GET /products/recents 304 - - 3.662 ms
2024-11-27 02:54:54 [info]: GET /products/recents 304 - - 2.146 ms
2024-11-27 02:55:48 [info]: GET /products/recents 304 - - 5.944 ms
2024-11-27 02:55:52 [info]: GET /products/recents 304 - - 2.472 ms
2024-11-27 02:55:52 [info]: GET /products/recents 304 - - 3.048 ms
2024-11-27 02:55:53 [info]: GET /logo192.png 404 30 - 0.233 ms
2024-11-27 03:01:11 [info]: GET /products/recents 304 - - 2.088 ms
2024-11-27 03:01:11 [info]: GET /products/recents 304 - - 1.838 ms
2024-11-27 03:01:11 [info]: GET /logo192.png 404 30 - 0.218 ms
2024-11-27 03:02:42 [info]: GET /products/recents 304 - - 1.617 ms
2024-11-27 03:02:42 [info]: GET /products/recents 304 - - 1.760 ms
2024-11-27 03:02:42 [info]: GET /logo192.png 404 30 - 0.272 ms
2024-11-27 03:05:58 [info]: GET /products?subcategory=Cameras 304 - - 2.289 ms
2024-11-27 03:06:01 [info]: GET /products?subcategory=Mobile+Phones 304 - - 2.504 ms
2024-11-27 03:09:26 [info]: GET /products?subcategory=Mobile+Phones 304 - - 3.389 ms
2024-11-27 03:09:29 [info]: GET /products?subcategory=Mobile+Phones 304 - - 1.427 ms
2024-11-27 03:59:12 [info]: GET /products?subcategory=Mobile+Phones 304 - - 4.720 ms
2024-11-27 03:59:15 [info]: GET /products?subcategory=Laptops 304 - - 1.303 ms
2024-11-27 04:01:28 [info]: GET /products?subcategory=Mobile+Phones 200 3497 - 3.223 ms
2024-11-27 04:01:36 [info]: GET /products?subcategory=Laptops 200 3989 - 3.041 ms
2024-11-27 04:02:25 [info]: GET /products?subcategory=Laptops 304 - - 4.322 ms
2024-11-27 04:02:27 [info]: GET /products?subcategory=Mobile+Phones 304 - - 1.151 ms
2024-11-27 04:02:54 [info]: GET /products?subcategory=Men%27s+Clothing 200 4098 - 3.793 ms
2024-11-27 04:03:47 [info]: GET /products?subcategory=Women%27s+Clothing 200 502 - 4.224 ms
2024-11-27 04:03:51 [info]: GET /products?subcategory=Men%27s+Clothing 304 - - 3.032 ms
2024-11-27 04:03:54 [info]: GET /products?subcategory=Mobile+Phones 304 - - 2.875 ms
