2025-01-08 00:24:16 [info]: GET /src/components/logo/logo4.png 404 30 - 2.266 ms
2025-01-08 00:25:05 [info]: GET /products/recents 304 - - 38.161 ms
2025-01-08 00:25:05 [info]: GET /products/recents 304 - - 24.364 ms
2025-01-08 00:25:06 [info]: GET /src/components/logo/logo4.png 404 30 - 1.076 ms
2025-01-08 00:26:50 [info]: GET /main.43537efb8e0e5f7a2854.hot-update.json 404 30 - 13.193 ms
2025-01-08 00:26:54 [info]: GET /products/recents 304 - - 46.369 ms
2025-01-08 00:26:54 [info]: GET /products/recents 304 - - 8.573 ms
2025-01-08 00:26:55 [info]: GET /products/recents 304 - - 53.991 ms
2025-01-08 00:26:55 [info]: GET /products/recents 304 - - 50.964 ms
2025-01-08 00:26:56 [info]: GET /src/components/logo/logo4.png 404 30 - 1.486 ms
2025-01-08 00:26:56 [info]: GET /src/components/logo/logo4.png 404 30 - 1.569 ms
2025-01-08 00:30:33 [info]: User logged in: mintesinotteferamt@gmail.com (ID: 6)
2025-01-08 00:30:33 [info]: POST /auth/login 200 296 - 469.235 ms
2025-01-08 00:30:33 [info]: GET /products/recents 304 - - 8.032 ms
2025-01-08 00:30:34 [info]: GET /products/recents 304 - - 10.120 ms
2025-01-08 00:31:05 [info]: GET /products?subcategory=Mobile+Phones 304 - - 8.217 ms
2025-01-08 00:32:05 [info]: GET /src/components/logo/logo4.png 404 30 - 1.246 ms
2025-01-08 00:32:05 [info]: GET /src/components/logo/logo4.png 404 30 - 1.315 ms
2025-01-08 00:32:22 [info]: GET /src/components/logo/logo4.png 404 30 - 8.500 ms
2025-01-08 00:32:22 [info]: GET /src/components/logo/logo4.png 404 30 - 5.746 ms
2025-01-08 00:32:23 [info]: GET /src/components/logo/logo4.png 404 30 - 1.132 ms
2025-01-08 00:32:23 [info]: GET /src/components/logo/logo4.png 404 30 - 0.898 ms
2025-01-08 00:32:56 [info]: GET /src/components/logo/logo4.png 404 30 - 1.388 ms
2025-01-08 00:32:56 [info]: GET /src/components/logo/logo4.png 404 30 - 1.242 ms
2025-01-08 00:32:57 [info]: GET /src/components/logo/logo4.png 404 30 - 4.566 ms
2025-01-08 00:32:57 [info]: GET /src/components/logo/logo4.png 404 30 - 7.765 ms
2025-01-08 00:33:11 [info]: GET /src/components/logo/logo4.png 404 30 - 1.417 ms
2025-01-08 00:33:11 [info]: GET /src/components/logo/logo4.png 404 30 - 0.853 ms
2025-01-08 00:33:13 [info]: GET /src/components/logo/logo4.png 404 30 - 0.783 ms
2025-01-08 00:33:13 [info]: GET /src/components/logo/logo4.png 404 30 - 0.752 ms
2025-01-08 00:33:57 [info]: GET /src/components/logo/logo4.png 404 30 - 0.872 ms
2025-01-08 00:33:57 [info]: GET /src/components/logo/logo4.png 404 30 - 1.232 ms
2025-01-08 00:33:59 [info]: GET /src/components/logo/logo4.png 404 30 - 0.878 ms
2025-01-08 00:33:59 [info]: GET /src/components/logo/logo4.png 404 30 - 1.425 ms
2025-01-08 00:34:28 [info]: GET /src/components/logo/logo4.png 404 30 - 1.335 ms
2025-01-08 00:34:28 [info]: GET /src/components/logo/logo4.png 404 30 - 4.158 ms
2025-01-08 00:34:30 [info]: GET /src/components/logo/logo4.png 404 30 - 0.642 ms
2025-01-08 00:34:30 [info]: GET /src/components/logo/logo4.png 404 30 - 0.733 ms
2025-01-08 00:34:58 [info]: GET /src/components/logo/logo4.png 404 30 - 0.957 ms
2025-01-08 00:34:58 [info]: GET /src/components/logo/logo4.png 404 30 - 1.035 ms
2025-01-08 00:35:10 [info]: GET /products/recents 304 - - 5.568 ms
2025-01-08 00:35:10 [info]: GET /products/recents 304 - - 15.700 ms
2025-01-08 00:35:11 [info]: GET /src/components/logo/logo4.png 404 30 - 0.839 ms
2025-01-08 00:35:21 [warn]: Invalid password attempt for email: mintesinotteferamt@gmail.com
2025-01-08 00:35:21 [info]: POST /auth/login 400 40 - 371.010 ms
2025-01-08 00:35:30 [info]: User logged in: mintesinotteferamt@gmail.com (ID: 6)
2025-01-08 00:35:30 [info]: POST /auth/login 200 296 - 375.592 ms
2025-01-08 00:35:30 [info]: GET /products/recents 304 - - 20.818 ms
2025-01-08 00:35:30 [info]: GET /products/recents 304 - - 14.734 ms
2025-01-08 01:19:21 [info]: GET /src/components/logo/logo4.png 404 30 - 4.062 ms
2025-01-08 01:19:21 [info]: GET /src/components/logo/logo4.png 404 30 - 1.162 ms
2025-01-08 01:19:43 [info]: User logged in: mintesinotteferamt@gmail.com (ID: 6)
2025-01-08 01:19:43 [info]: POST /auth/login 200 296 - 327.868 ms
2025-01-08 01:19:43 [info]: GET /products/recents 304 - - 7.270 ms
2025-01-08 01:19:43 [info]: GET /products/recents 304 - - 17.041 ms
2025-01-08 01:20:00 [info]: GET /products/recents 304 - - 7.023 ms
2025-01-08 01:20:00 [info]: GET /products/recents 304 - - 9.888 ms
2025-01-08 01:20:03 [info]: GET /src/components/logo/logo4.png 404 30 - 0.813 ms
2025-01-08 01:20:19 [info]: GET /src/components/logo/logo4.png 404 30 - 0.842 ms
2025-01-08 01:20:20 [info]: GET /src/components/logo/logo4.png 404 30 - 0.843 ms
2025-01-08 01:20:22 [info]: GET /src/components/logo/logo4.png 404 30 - 1.025 ms
2025-01-08 01:20:22 [info]: GET /src/components/logo/logo4.png 404 30 - 0.969 ms
2025-01-08 01:20:23 [info]: GET /src/components/logo/logo4.png 404 30 - 0.814 ms
2025-01-08 01:20:23 [info]: GET /src/components/logo/logo4.png 404 30 - 0.745 ms
2025-01-08 01:20:42 [info]: User logged in: mintesinotteferamt@gmail.com (ID: 6)
2025-01-08 01:20:42 [info]: POST /auth/login 200 296 - 321.529 ms
2025-01-08 01:20:42 [info]: GET /products/recents 304 - - 7.145 ms
2025-01-08 01:20:42 [info]: GET /products/recents 304 - - 46.415 ms
2025-01-08 01:21:12 [info]: POST /create-checkout-session 200 75 - 1285.995 ms
2025-01-08 01:21:34 [info]: GET /src/components/logo/logo4.png 404 30 - 1.388 ms
2025-01-08 01:21:38 [info]: GET /products/recents 304 - - 6.859 ms
2025-01-08 01:21:38 [info]: GET /products/recents 304 - - 6.782 ms
2025-01-08 01:21:39 [info]: GET /src/components/logo/logo4.png 404 30 - 0.904 ms
2025-01-08 01:42:04 [info]: GET /src/components/logo/logo4.png 404 30 - 1.890 ms
2025-01-08 02:00:23 [info]: GET /main.a2a298b8feffdc9ea821.hot-update.json 404 30 - 0.519 ms
2025-01-08 02:00:27 [info]: GET /products/recents 304 - - 5.995 ms
2025-01-08 02:00:27 [info]: GET /products/recents 304 - - 10.990 ms
2025-01-08 02:00:28 [info]: GET /products/recents 304 - - 27.913 ms
2025-01-08 02:00:28 [info]: GET /products/recents 304 - - 12.527 ms
2025-01-08 02:00:29 [info]: GET /src/components/logo/logo4.png 404 30 - 1.075 ms
2025-01-08 02:00:29 [info]: GET /src/components/logo/logo4.png 404 30 - 2.588 ms
2025-01-08 02:01:51 [info]: GET /src/components/logo/logo4.png 404 30 - 1.056 ms
2025-01-08 02:01:53 [info]: GET /src/components/logo/logo4.png 404 30 - 0.612 ms
2025-01-08 02:03:35 [info]: GET /src/components/logo/logo4.png 404 30 - 0.888 ms
2025-01-08 02:03:57 [info]: User logged in: mintesinotteferamt@gmail.com (ID: 6)
2025-01-08 02:03:57 [info]: POST /auth/login 200 296 - 343.520 ms
2025-01-08 02:03:57 [info]: GET /products/recents 304 - - 9.143 ms
2025-01-08 02:03:57 [info]: GET /products/recents 304 - - 10.206 ms
2025-01-08 02:04:22 [info]: GET /products/recents 304 - - 8.244 ms
2025-01-08 02:04:22 [info]: GET /products/recents 304 - - 31.681 ms
2025-01-08 02:04:22 [info]: GET /src/components/logo/logo4.png 404 30 - 1.021 ms
2025-01-08 02:07:04 [info]: GET /src/components/logo/logo4.png 404 30 - 0.758 ms
2025-01-08 02:08:00 [info]: User logged in: mintesinotteferamt@gmail.com (ID: 6)
2025-01-08 02:08:00 [info]: POST /auth/login 200 296 - 379.282 ms
2025-01-08 02:08:00 [info]: GET /products/recents 304 - - 31.178 ms
2025-01-08 02:08:00 [info]: GET /products/recents 304 - - 6.458 ms
2025-01-08 02:08:54 [info]: POST /create-checkout-session 200 75 - 1060.342 ms
2025-01-08 02:09:07 [info]: GET /src/components/logo/logo4.png 404 30 - 1.278 ms
2025-01-08 02:23:40 [info]: GET /products/recents 304 - - 7.409 ms
2025-01-08 02:23:40 [info]: GET /products/recents 304 - - 7.689 ms
2025-01-08 02:23:57 [info]: GET /products/recents 304 - - 5.824 ms
2025-01-08 02:23:57 [info]: GET /products/recents 304 - - 12.285 ms
2025-01-08 02:23:58 [info]: GET /src/components/logo/logo4.png 404 30 - 0.916 ms
2025-01-08 02:23:59 [info]: GET /src/components/logo/logo4.png 404 30 - 1.139 ms
2025-01-08 02:24:19 [info]: GET /src/components/logo/logo4.png 404 30 - 3.950 ms
2025-01-08 02:24:19 [info]: GET /src/components/logo/logo4.png 404 30 - 0.918 ms
2025-01-08 02:24:32 [warn]: Invalid password attempt for email: mintesinotteferamt@gmail.com
2025-01-08 02:24:32 [info]: POST /auth/login 400 40 - 373.900 ms
2025-01-08 02:24:40 [info]: User logged in: mintesinotteferamt@gmail.com (ID: 6)
2025-01-08 02:24:40 [info]: POST /auth/login 200 296 - 321.754 ms
2025-01-08 02:24:41 [info]: GET /products/recents 304 - - 18.800 ms
2025-01-08 02:24:41 [info]: GET /products/recents 304 - - 12.574 ms
2025-01-08 02:42:49 [info]: GET /products/recents 304 - - 9.687 ms
2025-01-08 02:42:49 [info]: GET /products/recents 304 - - 10.900 ms
2025-01-08 02:43:05 [info]: GET /products/recents 304 - - 3.610 ms
2025-01-08 02:43:05 [info]: GET /products/recents 304 - - 6.407 ms
2025-01-08 02:43:31 [info]: GET /src/components/logo/logo4.png 404 30 - 1.421 ms
2025-01-08 02:43:36 [info]: GET /src/components/logo/logo4.png 404 30 - 1.370 ms
2025-01-08 02:43:47 [info]: User logged in: mintesinotteferamt@gmail.com (ID: 6)
2025-01-08 02:43:47 [info]: POST /auth/login 200 296 - 317.929 ms
2025-01-08 02:43:47 [info]: GET /products/recents 304 - - 10.596 ms
2025-01-08 02:43:47 [info]: GET /products/recents 304 - - 5.901 ms
2025-01-08 02:44:58 [info]: User logged in: mintesinotteferamt@gmail.com (ID: 6)
2025-01-08 02:44:58 [info]: POST /auth/login 200 296 - 326.547 ms
2025-01-08 02:44:59 [info]: GET /products/recents 304 - - 12.219 ms
2025-01-08 02:44:59 [info]: GET /products/recents 304 - - 19.730 ms
2025-01-08 09:17:48 [info]: GET /products/recents 500 27 - 33.931 ms
2025-01-08 09:17:48 [info]: GET /products/recents 500 27 - 21.435 ms
2025-01-08 09:17:50 [info]: GET /src/components/logo/logo4.png 404 30 - 2.487 ms
2025-01-08 09:20:57 [info]: GET /products/recents 200 4221 - 136.411 ms
2025-01-08 09:20:57 [info]: GET /products/recents 304 - - 49.884 ms
2025-01-08 09:20:58 [info]: GET /src/components/logo/logo4.png 404 30 - 2.458 ms
2025-01-08 09:24:40 [info]: GET /src/components/logo/logo4.png 404 30 - 4.329 ms
2025-01-08 09:29:26 [info]: User logged in: mintesinotteferamt@gmail.com (ID: 6)
2025-01-08 09:29:26 [info]: POST /auth/login 200 296 - 963.756 ms
2025-01-08 09:29:27 [info]: GET /products/recents 304 - - 16.681 ms
2025-01-08 09:29:27 [info]: GET /products/recents 304 - - 27.097 ms
2025-01-08 09:40:58 [info]: GET /products/recents 304 - - 15.212 ms
2025-01-08 09:40:58 [info]: GET /products/recents 304 - - 10.089 ms
2025-01-08 09:41:09 [info]: GET /src/components/logo/logo4.png 404 30 - 5.941 ms
2025-01-08 09:41:57 [info]: GET /products/recents 304 - - 6.449 ms
2025-01-08 09:41:57 [info]: GET /products/recents 304 - - 17.572 ms
2025-01-08 09:41:59 [info]: GET /src/components/logo/logo4.png 404 30 - 1.624 ms
2025-01-08 09:44:10 [info]: GET /products/recents 304 - - 9.412 ms
2025-01-08 09:44:10 [info]: GET /products/recents 304 - - 34.825 ms
2025-01-08 09:44:11 [info]: GET /src/components/logo/logo4.png 404 30 - 14.293 ms
2025-01-08 09:47:04 [info]: GET /products/recents 304 - - 10.940 ms
2025-01-08 09:47:04 [info]: GET /products/recents 304 - - 41.434 ms
2025-01-08 10:00:10 [info]: GET /products/recents 304 - - 12.673 ms
2025-01-08 10:00:10 [info]: GET /products/recents 304 - - 15.445 ms
2025-01-08 10:01:34 [info]: GET /src/components/logo/logo4.png 404 30 - 0.883 ms
2025-01-08 10:06:33 [info]: GET /products/recents 304 - - 6.480 ms
2025-01-08 10:06:33 [info]: GET /products/recents 304 - - 24.001 ms
2025-01-08 10:07:08 [info]: GET /src/components/logo/logo4.png 404 30 - 0.863 ms
2025-01-08 10:07:35 [info]: GET /src/components/logo/logo4.png 404 30 - 1.445 ms
2025-01-08 10:07:38 [info]: GET /src/components/logo/logo4.png 404 30 - 1.318 ms
2025-01-08 10:08:52 [info]: GET /src/components/logo/logo4.png 404 30 - 1.195 ms
2025-01-08 10:26:35 [info]: GET /src/components/logo/logo4.png 404 30 - 1.524 ms
2025-01-08 10:26:54 [info]: GET /src/components/logo/logo4.png 404 30 - 3.822 ms
2025-01-08 10:30:02 [info]: GET /src/components/logo/logo4.png 404 30 - 1.534 ms
2025-01-08 10:33:11 [info]: GET /src/components/logo/logo4.png 404 30 - 1.792 ms
2025-01-08 10:33:18 [info]: GET /src/components/logo/logo4.png 404 30 - 1.177 ms
2025-01-08 10:36:27 [info]: GET /products/recents 304 - - 8.170 ms
2025-01-08 10:36:27 [info]: GET /products/recents 304 - - 9.017 ms
2025-01-08 10:36:43 [info]: GET /products/recents 304 - - 24.442 ms
2025-01-08 10:36:43 [info]: GET /products/recents 304 - - 11.418 ms
2025-01-08 10:36:57 [info]: GET /src/components/logo/logo4.png 404 30 - 0.914 ms
2025-01-08 10:38:24 [info]: GET /products/recents 304 - - 5.385 ms
2025-01-08 10:38:24 [info]: GET /products/recents 304 - - 8.972 ms
2025-01-08 10:40:53 [info]: GET /src/components/logo/logo4.png 404 30 - 1.322 ms
2025-01-08 10:44:29 [info]: GET /products/recents 304 - - 6.207 ms
2025-01-08 10:44:29 [info]: GET /products/recents 304 - - 9.871 ms
2025-01-08 10:44:31 [info]: GET /src/components/logo/logo4.png 404 30 - 1.378 ms
2025-01-08 10:45:44 [warn]: Login attempt with non-existent email: mintesinottefera26@gmail.com
2025-01-08 10:45:44 [info]: POST /auth/login 400 40 - 10.408 ms
2025-01-08 10:45:50 [info]: User logged in: mintesinotteferamt@gmail.com (ID: 6)
2025-01-08 10:45:50 [info]: POST /auth/login 200 296 - 404.095 ms
2025-01-08 10:45:50 [info]: GET /products/recents 304 - - 7.818 ms
2025-01-08 10:45:50 [info]: GET /products/recents 304 - - 29.964 ms
