2024-11-25 02:52:13 [info]: GET /products 500 27 - 10.180 ms
2024-11-25 02:52:13 [info]: GET /products 500 27 - 21.392 ms
2024-11-25 02:52:14 [info]: GET /logo192.png 404 30 - 0.613 ms
2024-11-25 02:52:31 [info]: GET /products 200 4926 - 82.878 ms
2024-11-25 02:52:31 [info]: GET /products 304 - - 3.188 ms
2024-11-25 02:52:31 [info]: GET /logo192.png 404 30 - 1.678 ms
2024-11-25 02:52:38 [info]: GET /products 304 - - 3.999 ms
2024-11-25 02:52:38 [info]: GET /products 304 - - 1.671 ms
2024-11-25 02:52:38 [info]: GET /logo192.png 404 30 - 0.911 ms
2024-11-25 02:52:54 [info]: GET /products 304 - - 2.504 ms
2024-11-25 02:52:54 [info]: GET /products 304 - - 2.580 ms
2024-11-25 02:52:54 [info]: GET /logo192.png 404 30 - 0.540 ms
2024-11-25 02:52:57 [info]: GET /products 304 - - 11.206 ms
2024-11-25 02:52:57 [info]: GET /products 304 - - 9.208 ms
2024-11-25 02:52:57 [info]: GET /logo192.png 404 30 - 0.364 ms
2024-11-25 02:55:22 [info]: GET /products 304 - - 1.707 ms
2024-11-25 02:55:22 [info]: GET /products 304 - - 2.984 ms
2024-11-25 02:55:41 [info]: GET /products 304 - - 2.446 ms
2024-11-25 02:55:41 [info]: GET /products 304 - - 1.879 ms
2024-11-25 02:57:23 [info]: GET /products 304 - - 4.448 ms
2024-11-25 02:57:23 [info]: GET /products 304 - - 5.193 ms
2024-11-25 03:07:39 [info]: GET /products 304 - - 10.504 ms
2024-11-25 03:07:40 [info]: GET /products 304 - - 1.934 ms
2024-11-25 03:22:08 [info]: GET /products 304 - - 2.028 ms
2024-11-25 03:22:09 [info]: GET /products 304 - - 12.458 ms
2024-11-25 03:23:32 [info]: GET /products 304 - - 4.318 ms
2024-11-25 03:23:33 [info]: GET /products 304 - - 4.534 ms
2024-11-25 03:23:58 [info]: GET /products 304 - - 13.168 ms
2024-11-25 03:23:59 [info]: GET /products 304 - - 1.376 ms
2024-11-25 03:47:09 [info]: GET /products 304 - - 1.916 ms
2024-11-25 03:47:10 [info]: GET /products 304 - - 4.760 ms
2024-11-25 03:48:02 [info]: GET /products 304 - - 1.933 ms
2024-11-25 03:48:03 [info]: GET /products 304 - - 3.837 ms
2024-11-25 03:49:51 [info]: GET /products 304 - - 2.151 ms
2024-11-25 03:49:52 [info]: GET /products 304 - - 4.823 ms
2024-11-25 03:52:15 [info]: GET /products 304 - - 2.293 ms
2024-11-25 03:52:16 [info]: GET /products 304 - - 4.935 ms
2024-11-25 03:52:35 [info]: GET /products 304 - - 16.161 ms
2024-11-25 03:52:35 [info]: GET /products 304 - - 15.999 ms
2024-11-25 03:52:59 [info]: GET /products 304 - - 1.504 ms
2024-11-25 03:53:00 [info]: GET /products 304 - - 1.710 ms
2024-11-25 03:53:13 [info]: GET /products 304 - - 4.405 ms
2024-11-25 03:53:14 [info]: GET /products 304 - - 8.846 ms
2024-11-25 03:53:30 [info]: GET /products 304 - - 7.090 ms
2024-11-25 03:53:31 [info]: GET /products 304 - - 2.448 ms
2024-11-25 03:53:47 [info]: GET /products 304 - - 14.532 ms
2024-11-25 03:53:48 [info]: GET /products 304 - - 3.652 ms
2024-11-25 04:09:51 [info]: GET /products 304 - - 5.533 ms
2024-11-25 04:09:52 [info]: GET /products 304 - - 1.203 ms
2024-11-25 04:34:22 [info]: GET /products 304 - - 1.159 ms
2024-11-25 04:34:23 [info]: GET /products 304 - - 4.577 ms
2024-11-25 04:50:49 [info]: GET /products/recent 404 32 - 14.928 ms
2024-11-25 04:50:49 [info]: GET /products/recent 404 32 - 2.436 ms
2024-11-25 04:50:49 [info]: GET /products/recent 404 32 - 2.448 ms
2024-11-25 04:50:49 [info]: GET /products/recent 404 32 - 3.107 ms
2024-11-25 04:51:18 [info]: GET /products/recents 404 32 - 7.653 ms
2024-11-25 04:51:19 [info]: GET /products/recents 404 32 - 3.890 ms
2024-11-25 04:51:22 [info]: GET /products/recents 404 32 - 2.570 ms
2024-11-25 04:51:22 [info]: GET /products/recents 404 32 - 14.230 ms
2024-11-25 04:51:23 [info]: GET /logo192.png 404 30 - 0.567 ms
2024-11-25 04:55:55 [info]: GET /products/recent 404 32 - 222.423 ms
2024-11-25 04:55:56 [info]: GET /products/recent 404 32 - 6.099 ms
2024-11-25 04:56:02 [info]: GET /products/recent 404 32 - 1.587 ms
2024-11-25 04:56:02 [info]: GET /products/recent 404 32 - 1.733 ms
2024-11-25 04:56:02 [info]: GET /logo192.png 404 30 - 0.499 ms
2024-11-25 04:56:08 [info]: GET /products/recents 404 32 - 3.010 ms
2024-11-25 04:56:09 [info]: GET /products/recents 404 32 - 4.729 ms
2024-11-25 04:56:46 [info]: GET /products 200 5502 - 2.361 ms
2024-11-25 04:56:47 [info]: GET /products 304 - - 2.955 ms
2024-11-25 04:57:02 [info]: GET /products/recents 404 32 - 2.443 ms
2024-11-25 04:57:03 [info]: GET /products/recents 404 32 - 5.099 ms
2024-11-25 04:57:21 [info]: GET /products/recents 404 32 - 93.755 ms
2024-11-25 04:57:21 [info]: GET /products/recents 404 32 - 3.801 ms
2024-11-25 04:57:21 [info]: GET /logo192.png 404 30 - 0.254 ms
2024-11-25 05:00:16 [info]: GET /products/recents 404 32 - 4.995 ms
2024-11-25 05:00:16 [info]: GET /products/recents 404 32 - 3.582 ms
2024-11-25 05:00:16 [info]: GET /logo192.png 404 30 - 0.345 ms
2024-11-25 05:00:18 [info]: GET /products/recents 404 32 - 4.213 ms
2024-11-25 05:00:18 [info]: GET /products/recents 404 32 - 8.337 ms
2024-11-25 05:00:18 [info]: GET /logo192.png 404 30 - 0.255 ms
2024-11-25 05:00:48 [info]: GET /products/recents 404 32 - 20.158 ms
2024-11-25 05:00:48 [info]: GET /products/recents 404 32 - 5.925 ms
2024-11-25 05:00:48 [info]: GET /logo192.png 404 30 - 0.712 ms
2024-11-25 05:00:50 [info]: GET /products/recents 404 32 - 1.826 ms
2024-11-25 05:00:50 [info]: GET /products/recents 404 32 - 1.951 ms
2024-11-25 05:00:50 [info]: GET /logo192.png 404 30 - 0.569 ms
2024-11-25 05:00:52 [info]: GET /products/recents 404 32 - 1.964 ms
2024-11-25 05:00:52 [info]: GET /products/recents 404 32 - 2.104 ms
2024-11-25 05:00:52 [info]: GET /logo192.png 404 30 - 0.996 ms
2024-11-25 05:01:59 [info]: GET /products 304 - - 14.591 ms
2024-11-25 05:02:00 [info]: GET /products 304 - - 6.621 ms
2024-11-25 05:02:02 [info]: GET /products 304 - - 5.702 ms
2024-11-25 05:02:02 [info]: GET /products 304 - - 2.389 ms
2024-11-25 05:02:03 [info]: GET /logo192.png 404 30 - 2.131 ms
2024-11-25 05:02:14 [info]: GET /products/recents 404 32 - 7.281 ms
2024-11-25 05:02:15 [info]: GET /products/recents 404 32 - 4.030 ms
2024-11-25 05:03:33 [info]: GET /products/recents 404 32 - 11.245 ms
2024-11-25 05:03:33 [info]: GET /products/recents 404 32 - 4.073 ms
2024-11-25 05:03:33 [info]: GET /logo192.png 404 30 - 0.871 ms
2024-11-25 05:03:50 [info]: GET /products 200 1925 - 3.677 ms
2024-11-25 05:03:51 [info]: GET /products 304 - - 4.605 ms
2024-11-25 05:04:04 [info]: GET /products/recents 404 32 - 7.721 ms
2024-11-25 05:04:05 [info]: GET /products/recents 404 32 - 9.828 ms
2024-11-25 05:07:07 [info]: GET /products/recents 404 32 - 11.014 ms
2024-11-25 05:07:07 [info]: GET /products/recents 404 32 - 2.250 ms
2024-11-25 05:07:07 [info]: GET /logo192.png 404 30 - 0.589 ms
2024-11-25 05:08:24 [info]: GET /recents 404 30 - 4.009 ms
2024-11-25 05:08:25 [info]: GET /recents 404 30 - 1.544 ms
2024-11-25 05:08:28 [info]: GET /recents 404 30 - 0.673 ms
2024-11-25 05:08:28 [info]: GET /recents 404 30 - 0.447 ms
2024-11-25 05:08:28 [info]: GET /logo192.png 404 30 - 0.416 ms
2024-11-25 05:08:49 [info]: GET /products/recents 404 32 - 21.207 ms
2024-11-25 05:08:50 [info]: GET /products/recents 404 32 - 7.879 ms
2024-11-25 05:09:59 [info]: GET /products/recents 404 32 - 10.490 ms
2024-11-25 05:09:59 [info]: GET /products/recents 404 32 - 2.603 ms
2024-11-25 05:09:59 [info]: GET /logo192.png 404 30 - 0.779 ms
2024-11-25 22:23:38 [info]: GET /products/recents 404 32 - 34.232 ms
2024-11-25 22:23:38 [info]: GET /products/recents 404 32 - 8.938 ms
2024-11-25 22:23:38 [info]: GET /logo192.png 404 30 - 1.013 ms
2024-11-25 22:35:57 [info]: GET /products/recents 404 32 - 7.397 ms
2024-11-25 22:35:57 [info]: GET /products/recents 404 32 - 7.488 ms
2024-11-25 22:35:58 [info]: GET /logo192.png 404 30 - 0.664 ms
2024-11-25 23:05:20 [info]: GET /products 200 5502 - 14.480 ms
2024-11-25 23:05:20 [info]: GET /products 304 - - 24.749 ms
2024-11-25 23:06:27 [info]: GET /products/recent 404 32 - 2.837 ms
2024-11-25 23:06:28 [info]: GET /products/recent 404 32 - 7.594 ms
2024-11-25 23:06:35 [info]: GET /products/recent 404 32 - 2.448 ms
2024-11-25 23:06:35 [info]: GET /products/recent 404 32 - 1.979 ms
2024-11-25 23:06:35 [info]: GET /logo192.png 404 30 - 0.413 ms
2024-11-25 23:06:45 [info]: GET /products/recents 404 32 - 1.369 ms
2024-11-25 23:06:46 [info]: GET /products/recents 404 32 - 10.630 ms
2024-11-25 23:09:06 [info]: GET /products/recents 404 32 - 11.658 ms
2024-11-25 23:09:06 [info]: GET /products/recents 404 32 - 2.958 ms
2024-11-25 23:09:06 [info]: GET /logo192.png 404 30 - 0.711 ms
2024-11-25 23:16:18 [info]: GET /products/recents 404 32 - 19.560 ms
2024-11-25 23:16:18 [info]: GET /products/recents 404 32 - 3.153 ms
2024-11-25 23:16:19 [info]: GET /logo192.png 404 30 - 0.754 ms
2024-11-25 23:42:12 [info]: GET /products/recents 404 32 - 13.223 ms
2024-11-25 23:42:12 [info]: GET /products/recents 404 32 - 4.120 ms
2024-11-25 23:42:13 [info]: GET /logo192.png 404 30 - 0.786 ms
2024-11-25 23:42:34 [info]: GET /products/recents 404 32 - 2.073 ms
2024-11-25 23:42:34 [info]: GET /products/recents 404 32 - 2.313 ms
2024-11-25 23:42:34 [info]: GET /logo192.png 404 30 - 0.798 ms
2024-11-25 23:50:23 [info]: GET /products 200 1513 - 11.335 ms
2024-11-25 23:50:24 [info]: GET /products 304 - - 23.129 ms
2024-11-25 23:53:22 [info]: GET /recents 404 30 - 6.265 ms
2024-11-25 23:53:23 [info]: GET /recents 404 30 - 1.378 ms
2024-11-25 23:53:30 [info]: GET /recents 404 30 - 0.364 ms
2024-11-25 23:53:30 [info]: GET /recents 404 30 - 0.442 ms
2024-11-25 23:53:31 [info]: GET /logo192.png 404 30 - 0.327 ms
2024-11-25 23:54:16 [info]: GET /products/recents 404 32 - 2.796 ms
2024-11-25 23:54:17 [info]: GET /products/recents 404 32 - 9.176 ms
2024-11-25 23:55:21 [info]: GET /products 304 - - 15.016 ms
2024-11-25 23:55:22 [info]: GET /products 304 - - 6.452 ms
2024-11-25 23:55:48 [info]: GET /products 200 2451 - 31.044 ms
2024-11-25 23:55:48 [info]: GET /products 304 - - 14.911 ms
2024-11-25 23:55:49 [info]: GET /logo192.png 404 30 - 1.130 ms
