2025-01-12 13:47:30 [info]: GET /products/recents 304 - - 151.109 ms
2025-01-12 13:47:30 [info]: GET /products/recents 304 - - 24.271 ms
2025-01-12 13:47:30 [info]: GET /products/recents 304 - - 31.830 ms
2025-01-12 13:47:30 [info]: GET /products/recents 304 - - 29.111 ms
2025-01-12 13:47:36 [info]: GET /src/components/logo/logo4.png 404 30 - 2.783 ms
2025-01-12 13:47:36 [info]: GET /src/components/logo/logo4.png 404 30 - 1.952 ms
2025-01-12 14:05:02 [info]: GET /src/components/logo/logo4.png 404 30 - 1.641 ms
2025-01-12 14:05:05 [info]: GET /src/components/logo/logo4.png 404 30 - 1.559 ms
2025-01-12 14:05:24 [info]: GET /products/recents 304 - - 10.296 ms
2025-01-12 14:05:24 [info]: GET /products/recents 304 - - 12.784 ms
2025-01-12 14:05:25 [info]: GET /src/components/logo/logo4.png 404 30 - 1.361 ms
2025-01-12 14:05:40 [info]: GET /products?subcategory=Mobile+Phones 304 - - 30.535 ms
2025-01-12 14:05:45 [info]: GET /products?subcategory=Laptops 304 - - 9.343 ms
2025-01-12 14:05:54 [info]: GET /products?subcategory=Footwear 304 - - 11.666 ms
2025-01-12 14:54:52 [info]: GET /products/recents 304 - - 24.233 ms
2025-01-12 14:54:53 [info]: GET /products/recents 304 - - 30.697 ms
2025-01-12 14:54:55 [info]: GET /src/components/logo/logo4.png 404 30 - 0.919 ms
2025-01-12 14:55:13 [info]: GET /products?subcategory=Mobile+Phones 304 - - 8.147 ms
2025-01-12 14:55:25 [info]: GET /products?subcategory=Laptops 304 - - 4.676 ms
2025-01-12 14:55:41 [info]: GET /products?subcategory=Footwear 304 - - 4.358 ms
2025-01-12 14:57:12 [info]: GET /products/recents 304 - - 42.476 ms
2025-01-12 14:57:13 [info]: GET /products/recents 304 - - 18.963 ms
2025-01-12 14:57:14 [info]: GET /src/components/logo/logo4.png 404 30 - 4.861 ms
2025-01-12 15:00:22 [info]: GET /src/components/logo/logo4.png 404 30 - 2.051 ms
2025-01-12 15:01:14 [info]: New user registered: mintesinot@gmail.com (ID: 8)
2025-01-12 15:01:14 [info]: POST /auth/register 201 43 - 939.753 ms
2025-01-12 15:01:19 [info]: GET /products/recents 304 - - 24.357 ms
2025-01-12 15:01:19 [info]: GET /products/recents 304 - - 31.573 ms
2025-01-12 15:01:55 [info]: GET /src/components/logo/logo4.png 404 30 - 1.663 ms
2025-01-12 15:02:30 [info]: User logged in: mintesinot@gmail.com (ID: 8)
2025-01-12 15:02:30 [info]: POST /auth/login 200 286 - 365.275 ms
2025-01-12 15:02:30 [info]: GET /products/recents 304 - - 14.148 ms
2025-01-12 15:02:30 [info]: GET /products/recents 304 - - 42.926 ms
2025-01-12 15:04:29 [info]: GET /products?subcategory=Mobile+Phones 304 - - 7.912 ms
2025-01-12 15:04:39 [info]: GET /products?subcategory=Laptops 304 - - 4.811 ms
2025-01-12 15:05:06 [info]: POST /create-checkout-session 200 75 - 1577.181 ms
2025-01-12 15:06:13 [info]: GET /products/recents 304 - - 23.006 ms
2025-01-12 15:06:13 [info]: GET /products/recents 304 - - 28.085 ms
2025-01-12 15:06:15 [info]: GET /src/components/logo/logo4.png 404 30 - 4.733 ms
