2024-12-17 09:00:00 [info]: GET /products/recents 304 - - 53.677 ms
2024-12-17 09:00:00 [info]: GET /products/recents 304 - - 26.964 ms
2024-12-17 09:00:02 [info]: GET /src/components/logo/logo4.png 404 30 - 6.773 ms
2024-12-17 09:01:14 [info]: GET /products?subcategory=Laptops 304 - - 11.799 ms
2024-12-17 09:01:17 [info]: GET /products?subcategory=Mobile+Phones 304 - - 5.628 ms
2024-12-17 09:01:29 [info]: GET /products?subcategory=Men%27s+Clothing 304 - - 5.700 ms
2024-12-17 12:34:31 [info]: GET /products/recents 304 - - 858.394 ms
2024-12-17 12:34:31 [info]: GET /src/components/logo/logo4.png 404 30 - 8.588 ms
2024-12-17 12:34:31 [info]: GET /products/recents 304 - - 15.823 ms
2024-12-17 12:37:50 [info]: GET /main.c42e9c096efd24adb832.hot-update.json 404 30 - 16.372 ms
2024-12-17 12:37:56 [info]: GET /products/recents 304 - - 49.166 ms
2024-12-17 12:37:56 [info]: GET /products/recents 304 - - 77.707 ms
2024-12-17 12:37:57 [info]: GET /products/recents 304 - - 38.203 ms
2024-12-17 12:37:57 [info]: GET /products/recents 304 - - 32.522 ms
2024-12-17 12:38:02 [info]: GET /src/components/logo/logo4.png 404 30 - 1.812 ms
2024-12-17 12:38:02 [info]: GET /src/components/logo/logo4.png 404 30 - 1.375 ms
2024-12-17 12:39:17 [info]: POST /create-checkout-session 404 30 - 1.967 ms
2024-12-17 12:39:17 [info]: POST /create-checkout-session 404 30 - 6.757 ms
2024-12-17 12:39:17 [info]: POST /create-checkout-session 404 30 - 4.448 ms
2024-12-17 12:39:44 [info]: POST /create-checkout-session 404 30 - 1.537 ms
2024-12-17 12:40:01 [info]: POST /create-checkout-session 404 30 - 0.825 ms
2024-12-17 12:41:36 [info]: POST /create-checkout-session 404 30 - 1.350 ms
2024-12-17 12:53:22 [info]: POST /create-checkout-session 404 30 - 19.660 ms
2024-12-17 12:53:37 [info]: GET /products/recents 304 - - 50.952 ms
2024-12-17 12:53:37 [info]: GET /products/recents 304 - - 43.462 ms
2024-12-17 12:53:38 [info]: GET /src/components/logo/logo4.png 404 30 - 2.211 ms
2024-12-17 12:53:45 [info]: POST /create-checkout-session 404 30 - 1.835 ms
2024-12-17 12:56:03 [info]: POST /create-checkout-session 404 30 - 17.795 ms
2024-12-17 12:56:03 [info]: POST /create-checkout-session 404 30 - 2.951 ms
2024-12-17 12:56:04 [info]: POST /create-checkout-session 404 30 - 1.857 ms
2024-12-17 12:56:04 [info]: POST /create-checkout-session 404 30 - 2.649 ms
2024-12-17 12:56:04 [info]: POST /create-checkout-session 404 30 - 2.298 ms
2024-12-17 12:56:04 [info]: POST /create-checkout-session 404 30 - 1.520 ms
2024-12-17 12:56:04 [info]: POST /create-checkout-session 404 30 - 2.961 ms
2024-12-17 12:56:08 [info]: GET /products/recents 304 - - 100.110 ms
2024-12-17 12:56:08 [info]: GET /products/recents 304 - - 65.889 ms
2024-12-17 12:56:09 [info]: GET /src/components/logo/logo4.png 404 30 - 2.810 ms
2024-12-17 12:56:16 [info]: POST /create-checkout-session 404 30 - 0.857 ms
