2024-12-01 09:31:01 [info]: GET /src/components/logo/logo4.png 404 30 - 6.290 ms
2024-12-01 09:31:01 [info]: GET /products/recents 304 - - 475.344 ms
2024-12-01 09:31:01 [info]: GET /products/recents 304 - - 8.201 ms
2024-12-01 09:31:46 [info]: GET /products?subcategory=Laptops 200 3989 - 92.473 ms
2024-12-01 09:31:49 [info]: GET /products?subcategory=Mobile+Phones 200 3497 - 4.331 ms
2024-12-01 09:47:00 [info]: GET /products/recents 304 - - 4.341 ms
2024-12-01 09:47:00 [info]: GET /products/recents 304 - - 4.523 ms
2024-12-01 09:47:00 [info]: GET /src/components/logo/logo4.png 404 30 - 2.634 ms
2024-12-01 10:29:51 [info]: GET /src/components/logo/logo4.png 404 30 - 0.572 ms
2024-12-01 10:29:51 [info]: GET /products/recents 304 - - 34.633 ms
2024-12-01 10:29:52 [info]: GET /products/recents 304 - - 2.323 ms
2024-12-01 10:32:51 [info]: GET /products/recents 304 - - 3.292 ms
2024-12-01 10:32:51 [info]: GET /products/recents 304 - - 6.319 ms
2024-12-01 10:32:52 [info]: GET /src/components/logo/logo4.png 404 30 - 1.395 ms
2024-12-01 10:44:40 [info]: GET /products/recents 304 - - 5.958 ms
2024-12-01 10:44:40 [info]: GET /products/recents 304 - - 12.981 ms
2024-12-01 10:44:40 [info]: GET /src/components/logo/logo4.png 404 30 - 0.466 ms
2024-12-01 10:53:30 [info]: GET /products/recents 304 - - 2.834 ms
2024-12-01 10:53:30 [info]: GET /products/recents 304 - - 6.272 ms
2024-12-01 10:53:31 [info]: GET /src/components/logo/logo4.png 404 30 - 0.261 ms
2024-12-01 11:43:34 [info]: GET /products?subcategory=Mobile+Phones 304 - - 7.275 ms
2024-12-01 11:43:50 [info]: GET /products/recents 304 - - 2.599 ms
2024-12-01 11:43:50 [info]: GET /products/recents 304 - - 3.070 ms
2024-12-01 11:43:50 [info]: GET /src/components/logo/logo4.png 404 30 - 0.370 ms
2024-12-01 11:44:46 [info]: GET /products/recents 304 - - 5.056 ms
2024-12-01 11:44:46 [info]: GET /products/recents 304 - - 8.334 ms
2024-12-01 11:44:46 [info]: GET /products/recents 304 - - 9.110 ms
2024-12-01 11:44:46 [info]: GET /products/recents 304 - - 16.922 ms
2024-12-01 11:44:47 [info]: GET /src/components/logo/logo4.png 404 30 - 0.470 ms
2024-12-01 11:44:47 [info]: GET /src/components/logo/logo4.png 404 30 - 2.575 ms
2024-12-01 12:06:48 [info]: GET /products/recents 304 - - 49.903 ms
2024-12-01 12:06:48 [info]: GET /products/recents 304 - - 1.477 ms
2024-12-01 12:06:48 [info]: GET /src/components/logo/logo4.png 404 30 - 0.284 ms
2024-12-01 12:14:32 [info]: GET /src/components/logo/logo4.png 404 30 - 0.450 ms
2024-12-01 12:14:32 [info]: GET /products/recents 304 - - 768.510 ms
2024-12-01 12:14:33 [info]: GET /products/recents 304 - - 219.224 ms
2024-12-01 12:19:06 [info]: GET /products?subcategory=Mobile+Phones 304 - - 5.240 ms
2024-12-01 12:35:49 [info]: GET /products/recents 304 - - 33.945 ms
2024-12-01 12:35:49 [info]: GET /products/recents 304 - - 2.424 ms
2024-12-01 12:35:49 [info]: GET /src/components/logo/logo4.png 404 30 - 0.520 ms
2024-12-01 12:36:06 [info]: GET /products?subcategory=Mobile+Phones 304 - - 1.254 ms
2024-12-01 12:36:12 [info]: GET /products?subcategory=Laptops 304 - - 4.247 ms
2024-12-01 12:50:32 [info]: GET /products/recents 304 - - 22.112 ms
2024-12-01 12:50:32 [info]: GET /products/recents 304 - - 2.345 ms
2024-12-01 12:50:32 [info]: GET /src/components/logo/logo4.png 404 30 - 0.234 ms
2024-12-01 12:52:31 [info]: GET /products/recents 304 - - 1.833 ms
2024-12-01 12:52:31 [info]: GET /products/recents 304 - - 5.105 ms
2024-12-01 12:52:32 [info]: GET /src/components/logo/logo4.png 404 30 - 0.269 ms
2024-12-01 13:06:30 [info]: GET /products/recents 304 - - 1.729 ms
2024-12-01 13:06:30 [info]: GET /products/recents 304 - - 3.283 ms
2024-12-01 13:06:30 [info]: GET /src/components/logo/logo4.png 404 30 - 0.302 ms
2024-12-01 13:08:32 [info]: GET /products/recents 304 - - 1.791 ms
2024-12-01 13:08:32 [info]: GET /products/recents 304 - - 4.646 ms
2024-12-01 13:08:32 [info]: GET /src/components/logo/logo4.png 404 30 - 0.216 ms
2024-12-01 13:23:57 [info]: GET /src/components/logo/logo4.png 404 30 - 0.393 ms
2024-12-01 13:23:59 [info]: GET /products/recents 304 - - 6.547 ms
2024-12-01 13:23:59 [info]: GET /products/recents 304 - - 3.724 ms
2024-12-01 13:24:00 [info]: GET /src/components/logo/logo4.png 404 30 - 0.515 ms
2024-12-01 13:43:07 [info]: GET /products?subcategory=Men%27s+Clothing 304 - - 240.737 ms
2024-12-01 13:43:17 [info]: GET /products?subcategory=Mobile+Phones 304 - - 6.109 ms
2024-12-01 13:43:28 [info]: GET /products?subcategory=Laptops 304 - - 6.861 ms
2024-12-01 13:43:50 [info]: GET /products?subcategory=Laptops 304 - - 4.571 ms
2024-12-01 13:45:38 [info]: GET /products?subcategory=Mobile+Phones 304 - - 7.342 ms
2024-12-01 13:45:51 [info]: GET /products?subcategory=Women%27s+Clothing 304 - - 44.523 ms
2024-12-01 13:46:21 [info]: GET /products?subcategory=Cameras 304 - - 9.090 ms
2024-12-01 13:57:56 [info]: GET /products/recents 304 - - 7.246 ms
2024-12-01 13:57:56 [info]: GET /products/recents 304 - - 3.806 ms
2024-12-01 13:57:56 [info]: GET /src/components/logo/logo4.png 404 30 - 0.811 ms
2024-12-01 13:58:00 [info]: GET /products?subcategory=Wearable+Technology 304 - - 3.129 ms
2024-12-01 14:19:37 [info]: GET /products/recents 304 - - 13.615 ms
2024-12-01 14:19:37 [info]: GET /products/recents 304 - - 248.578 ms
2024-12-01 14:19:37 [info]: GET /src/components/logo/logo4.png 404 30 - 3.895 ms
2024-12-01 14:23:04 [info]: GET /products/recents 304 - - 12.953 ms
2024-12-01 14:23:04 [info]: GET /products/recents 304 - - 10.130 ms
2024-12-01 14:23:04 [info]: GET /src/components/logo/logo4.png 404 30 - 0.949 ms
2024-12-01 14:56:18 [info]: GET /products?subcategory=Refrigerators 200 2 - 3.348 ms
2024-12-01 14:56:24 [info]: GET /products?subcategory=Mobile+Phones 304 - - 460.724 ms
2024-12-01 14:56:46 [info]: GET /src/components/logo/logo4.png 404 30 - 0.314 ms
