2025-01-09 03:50:37 [info]: GET /products/recents 200 7513 - 8.267 ms
2025-01-09 03:50:37 [info]: GET /products/recents 304 - - 20.990 ms
2025-01-09 03:50:39 [info]: GET /src/components/logo/logo4.png 404 30 - 0.818 ms
2025-01-09 03:51:08 [info]: GET /products?subcategory=Laptops 304 - - 9.403 ms
2025-01-09 03:51:18 [info]: GET /products?subcategory=Footwear 200 3202 - 3.514 ms
2025-01-09 03:56:00 [warn]: Invalid password attempt for email: mintesinotteferamt@gmail.com
2025-01-09 03:56:00 [info]: POST /auth/login 400 40 - 332.853 ms
2025-01-09 03:56:08 [info]: User logged in: mintesinotteferamt@gmail.com (ID: 6)
2025-01-09 03:56:08 [info]: POST /auth/login 200 296 - 336.576 ms
2025-01-09 03:56:08 [info]: GET /products/recents 304 - - 12.914 ms
2025-01-09 03:56:09 [info]: GET /products/recents 304 - - 8.625 ms
2025-01-09 03:57:23 [info]: POST /create-checkout-session 200 75 - 1714.430 ms
2025-01-09 03:57:49 [info]: GET /src/components/logo/logo4.png 404 30 - 1.082 ms
2025-01-09 04:00:30 [info]: GET /products/recents 304 - - 11.127 ms
2025-01-09 04:00:30 [info]: GET /products/recents 304 - - 32.425 ms
2025-01-09 04:00:32 [info]: GET /src/components/logo/logo4.png 404 30 - 0.657 ms
2025-01-09 04:00:50 [info]: POST /create-checkout-session 200 75 - 1409.267 ms
2025-01-09 04:01:17 [info]: GET /products/recents 304 - - 6.065 ms
2025-01-09 04:01:17 [info]: GET /products/recents 304 - - 31.352 ms
2025-01-09 04:01:18 [info]: GET /src/components/logo/logo4.png 404 30 - 0.754 ms
2025-01-09 15:42:00 [info]: GET /products/recents 500 27 - 50.240 ms
2025-01-09 15:42:01 [info]: GET /products/recents 500 27 - 22.676 ms
2025-01-09 15:42:03 [info]: GET /src/components/logo/logo4.png 404 30 - 1.871 ms
