2024-12-28 03:52:20 [info]: GET /main.800b7db2a73704c3205c.hot-update.json 404 30 - 86.053 ms
2024-12-28 03:52:26 [info]: GET /products/recents 304 - - 28.771 ms
2024-12-28 03:52:26 [info]: GET /products/recents 304 - - 10.006 ms
2024-12-28 03:52:28 [info]: GET /src/components/logo/logo4.png 404 30 - 3.374 ms
2024-12-28 03:52:29 [info]: GET /src/components/logo/logo4.png 404 30 - 7.123 ms
2024-12-28 03:52:48 [info]: POST /create-checkout-session 404 30 - 0.912 ms
2024-12-28 04:12:45 [info]: POST /create-checkout-session 404 30 - 1.086 ms
2024-12-28 04:12:52 [info]: GET /products/recents 304 - - 12.201 ms
2024-12-28 04:12:52 [info]: GET /products/recents 304 - - 50.795 ms
2024-12-28 04:12:55 [info]: GET /src/components/logo/logo4.png 404 30 - 2.374 ms
2024-12-28 04:12:59 [info]: POST /create-checkout-session 404 30 - 0.864 ms
2024-12-28 04:21:33 [info]: GET /products/recents 200 4221 - 65.424 ms
2024-12-28 04:21:33 [info]: GET /products/recents 304 - - 15.025 ms
2024-12-28 04:21:36 [info]: GET /src/components/logo/logo4.png 404 30 - 2.147 ms
2024-12-28 04:21:44 [info]: POST /create-checkout-session 404 30 - 1.605 ms
2024-12-28 04:22:19 [info]: POST /create-checkout-session 404 30 - 1.583 ms
2024-12-28 04:24:53 [info]: GET /products/recents 304 - - 26.420 ms
2024-12-28 04:24:53 [info]: GET /products/recents 304 - - 28.549 ms
2024-12-28 04:24:55 [info]: GET /src/components/logo/logo4.png 404 30 - 3.777 ms
2024-12-28 04:24:59 [info]: POST /create-checkout-session 404 30 - 0.813 ms
2024-12-28 04:25:01 [info]: POST /create-checkout-session 404 30 - 1.427 ms
