2024-11-28 04:33:32 [info]: GET /products/recents 500 27 - 12.201 ms
2024-11-28 04:33:32 [info]: GET /logo192.png 404 30 - 1.454 ms
2024-11-28 04:33:32 [info]: GET /products/recents 500 27 - 16.330 ms
2024-11-28 04:33:32 [info]: GET /logo192.png 404 30 - 0.971 ms
2024-11-28 04:33:35 [info]: GET /products/recents 500 27 - 5.863 ms
2024-11-28 04:33:35 [info]: GET /products/recents 500 27 - 7.000 ms
2024-11-28 04:33:35 [info]: GET /logo192.png 404 30 - 0.674 ms
2024-11-28 04:42:11 [info]: GET /products/recents 500 27 - 7.123 ms
2024-11-28 04:42:11 [info]: GET /products/recents 500 27 - 12.276 ms
2024-11-28 04:42:11 [info]: GET /logo192.png 404 30 - 0.319 ms
2024-11-28 04:42:45 [info]: GET /logo192.png 404 30 - 0.268 ms
2024-11-28 04:42:45 [info]: GET /products/recents 200 9442 - 252.568 ms
2024-11-28 04:42:45 [info]: GET /products/recents 304 - - 5.104 ms
2024-11-28 04:55:30 [info]: GET /products/recents 304 - - 2.319 ms
2024-11-28 04:56:42 [info]: GET /products/recents 304 - - 5.918 ms
2024-11-28 04:56:42 [info]: GET /products/recents 304 - - 11.988 ms
2024-11-28 04:58:08 [info]: GET /products/recents 304 - - 1.702 ms
2024-11-28 04:59:18 [info]: GET /products/recents 304 - - 12.800 ms
2024-11-28 04:59:18 [info]: GET /products/recents 304 - - 5.920 ms
2024-11-28 04:59:18 [info]: GET /logo192.png 404 30 - 0.306 ms
2024-11-28 05:01:26 [info]: GET /products?subcategory=Laptops 304 - - 16.053 ms
2024-11-28 05:02:28 [info]: GET /products?subcategory=Cameras 304 - - 5.687 ms
