2024-12-02 01:17:05 [info]: GET /products/recents 500 27 - 39.461 ms
2024-12-02 01:17:05 [info]: GET /products/recents 500 27 - 58.641 ms
2024-12-02 01:17:05 [info]: GET /src/components/logo/logo4.png 404 30 - 6.825 ms
2024-12-02 01:17:32 [info]: GET /products/recents 500 27 - 10.270 ms
2024-12-02 01:17:32 [info]: GET /products/recents 500 27 - 6.893 ms
2024-12-02 01:17:32 [info]: GET /src/components/logo/logo4.png 404 30 - 0.560 ms
2024-12-02 01:17:46 [info]: GET /src/components/logo/logo4.png 404 30 - 0.299 ms
2024-12-02 01:17:46 [info]: GET /products/recents 200 9442 - 89.568 ms
2024-12-02 01:17:46 [info]: GET /products/recents 304 - - 4.632 ms
2024-12-02 01:39:16 [info]: GET /products/recents 304 - - 4.445 ms
2024-12-02 01:39:16 [info]: GET /products/recents 304 - - 2.923 ms
2024-12-02 01:39:17 [info]: GET /src/components/logo/logo4.png 404 30 - 0.602 ms
2024-12-02 01:45:44 [info]: GET /products/recents 304 - - 4.061 ms
2024-12-02 01:46:10 [info]: GET /products/recents 304 - - 2.651 ms
2024-12-02 01:48:05 [info]: GET /products/recents 304 - - 3.446 ms
2024-12-02 01:51:31 [info]: GET /products/recents 304 - - 4.844 ms
2024-12-02 01:51:31 [info]: GET /products/recents 304 - - 3.493 ms
2024-12-02 01:51:31 [info]: GET /src/components/logo/logo4.png 404 30 - 0.300 ms
2024-12-02 01:51:44 [info]: GET /products/recents 304 - - 4.782 ms
2024-12-02 01:51:44 [info]: GET /products/recents 304 - - 4.685 ms
2024-12-02 01:51:44 [info]: GET /src/components/logo/logo4.png 404 30 - 0.224 ms
2024-12-02 02:02:16 [info]: GET /products/recents 304 - - 2.094 ms
2024-12-02 02:02:16 [info]: GET /products/recents 304 - - 3.974 ms
2024-12-02 02:02:16 [info]: GET /src/components/logo/logo4.png 404 30 - 0.350 ms
2024-12-02 02:02:20 [info]: GET /products/recents 304 - - 2.039 ms
2024-12-02 02:02:20 [info]: GET /products/recents 304 - - 3.884 ms
2024-12-02 02:02:20 [info]: GET /src/components/logo/logo4.png 404 30 - 0.282 ms
2024-12-02 02:10:27 [info]: GET /products/recents 304 - - 2.500 ms
2024-12-02 02:10:27 [info]: GET /products/recents 304 - - 2.301 ms
2024-12-02 02:10:27 [info]: GET /src/components/logo/logo4.png 404 30 - 0.295 ms
2024-12-02 02:10:35 [info]: GET /src/components/logo/logo4.png 404 30 - 0.189 ms
2024-12-02 02:17:53 [info]: GET /path/to/imageA.jpg 404 30 - 0.502 ms
2024-12-02 02:17:53 [info]: GET /path/to/imageB.jpg 404 30 - 0.392 ms
2024-12-02 02:17:53 [info]: GET /src/components/logo/logo4.png 404 30 - 0.335 ms
2024-12-02 02:39:20 [info]: GET /path/to/imageA.jpg 404 30 - 0.433 ms
2024-12-02 02:39:20 [info]: GET /path/to/imageB.jpg 404 30 - 0.320 ms
2024-12-02 02:46:46 [info]: GET /products/recents 304 - - 3.345 ms
2024-12-02 02:46:46 [info]: GET /products/recents 304 - - 4.891 ms
2024-12-02 02:46:46 [info]: GET /src/components/logo/logo4.png 404 30 - 0.387 ms
2024-12-02 02:46:48 [info]: GET /path/to/imageA.jpg 404 30 - 1.005 ms
2024-12-02 02:46:48 [info]: GET /path/to/imageB.jpg 404 30 - 1.852 ms
2024-12-02 02:46:51 [info]: GET /products/recents 304 - - 6.012 ms
2024-12-02 02:46:51 [info]: GET /products/recents 304 - - 19.423 ms
2024-12-02 02:47:02 [info]: GET /path/to/imageA.jpg 404 30 - 0.967 ms
2024-12-02 02:47:02 [info]: GET /path/to/imageB.jpg 404 30 - 1.361 ms
2024-12-02 02:47:04 [info]: GET /products/recents 304 - - 7.625 ms
2024-12-02 02:47:04 [info]: GET /products/recents 304 - - 14.484 ms
2024-12-02 02:47:06 [info]: GET /products/recents 304 - - 10.155 ms
2024-12-02 02:47:06 [info]: GET /products/recents 304 - - 3.455 ms
2024-12-02 02:47:07 [info]: GET /src/components/logo/logo4.png 404 30 - 0.634 ms
2024-12-02 02:47:10 [info]: GET /path/to/imageA.jpg 404 30 - 0.765 ms
2024-12-02 02:47:10 [info]: GET /path/to/imageB.jpg 404 30 - 1.061 ms
2024-12-02 02:47:13 [info]: GET /products/recents 304 - - 6.905 ms
2024-12-02 02:47:13 [info]: GET /products/recents 304 - - 24.942 ms
2024-12-02 02:48:24 [info]: GET /path/to/imageA.jpg 404 30 - 0.823 ms
2024-12-02 02:48:24 [info]: GET /path/to/imageB.jpg 404 30 - 0.942 ms
2024-12-02 02:48:26 [info]: GET /products/recents 304 - - 10.145 ms
2024-12-02 02:48:26 [info]: GET /products/recents 304 - - 15.596 ms
2024-12-02 02:49:16 [info]: GET /products/recents 304 - - 2.811 ms
2024-12-02 02:49:16 [info]: GET /products/recents 304 - - 3.427 ms
2024-12-02 02:49:16 [info]: GET /src/components/logo/logo4.png 404 30 - 0.329 ms
2024-12-02 02:49:22 [info]: GET /products/recents 304 - - 5.652 ms
2024-12-02 02:49:22 [info]: GET /products/recents 304 - - 6.299 ms
2024-12-02 02:55:52 [info]: GET /products/recents 304 - - 5.495 ms
2024-12-02 02:55:52 [info]: GET /products/recents 304 - - 8.961 ms
2024-12-02 03:10:51 [info]: GET /products/recents 304 - - 4.011 ms
2024-12-02 03:10:51 [info]: GET /products/recents 304 - - 4.068 ms
2024-12-02 03:10:51 [info]: GET /src/components/logo/logo4.png 404 30 - 0.288 ms
2024-12-02 03:13:29 [info]: GET /products/recents 304 - - 5.166 ms
2024-12-02 03:13:29 [info]: GET /products/recents 304 - - 14.894 ms
2024-12-02 03:15:10 [info]: GET /products/recents 304 - - 1.966 ms
2024-12-02 03:15:10 [info]: GET /products/recents 304 - - 2.029 ms
2024-12-02 03:15:10 [info]: GET /src/components/logo/logo4.png 404 30 - 0.287 ms
2024-12-02 03:15:13 [info]: GET /main.49dd6a07f974d8fb6059.hot-update.json 404 30 - 0.575 ms
2024-12-02 03:15:14 [info]: GET /products/recents 304 - - 2.651 ms
2024-12-02 03:15:14 [info]: GET /products/recents 304 - - 2.061 ms
2024-12-02 03:15:14 [info]: GET /src/components/logo/logo4.png 404 30 - 0.538 ms
2024-12-02 03:39:06 [info]: GET /products/recents 304 - - 1.472 ms
2024-12-02 03:39:06 [info]: GET /products/recents 304 - - 2.577 ms
2024-12-02 03:40:07 [info]: GET /main.f9694e60a82d4527502e.hot-update.json 404 30 - 0.306 ms
2024-12-02 03:40:09 [info]: GET /products/recents 304 - - 4.570 ms
2024-12-02 03:40:09 [info]: GET /products/recents 304 - - 2.939 ms
2024-12-02 03:40:09 [info]: GET /products/recents 304 - - 3.678 ms
2024-12-02 03:40:09 [info]: GET /products/recents 304 - - 6.081 ms
2024-12-02 03:40:09 [info]: GET /src/components/logo/logo4.png 404 30 - 0.338 ms
2024-12-02 03:40:09 [info]: GET /src/components/logo/logo4.png 404 30 - 0.341 ms
2024-12-02 03:40:27 [info]: GET /products?subcategory=Mobile+Phones 304 - - 24.095 ms
2024-12-02 03:40:34 [info]: GET /products?subcategory=Mobile+Phones 304 - - 4.558 ms
2024-12-02 03:41:07 [info]: GET /products/recents 304 - - 5.192 ms
2024-12-02 03:41:07 [info]: GET /products/recents 304 - - 10.185 ms
2024-12-02 03:41:08 [info]: GET /src/components/logo/logo4.png 404 30 - 0.329 ms
2024-12-02 03:41:55 [info]: GET /products?subcategory=Mobile+Phones 304 - - 5.172 ms
2024-12-02 03:42:00 [info]: GET /products?subcategory=Laptops 304 - - 3.818 ms
2024-12-02 03:42:02 [info]: GET /products/recents 304 - - 2.430 ms
2024-12-02 03:42:02 [info]: GET /products/recents 304 - - 1.885 ms
2024-12-02 03:42:03 [info]: GET /src/components/logo/logo4.png 404 30 - 0.327 ms
2024-12-02 03:45:21 [info]: GET /products/recents 304 - - 14.478 ms
2024-12-02 03:45:21 [info]: GET /products/recents 304 - - 13.457 ms
2024-12-02 03:45:21 [info]: GET /products/recents 304 - - 8.333 ms
2024-12-02 03:45:21 [info]: GET /src/components/logo/logo4.png 404 30 - 0.303 ms
2024-12-02 03:45:21 [info]: GET /products/recents 304 - - 19.672 ms
2024-12-02 03:45:22 [info]: GET /src/components/logo/logo4.png 404 30 - 0.565 ms
2024-12-02 03:47:25 [info]: GET /products/recents 304 - - 2.306 ms
2024-12-02 03:47:26 [info]: GET /products/recents 304 - - 2.309 ms
2024-12-02 03:47:26 [info]: GET /products/recents 304 - - 4.980 ms
2024-12-02 03:47:26 [info]: GET /products/recents 304 - - 12.446 ms
2024-12-02 03:58:11 [info]: GET /products?subcategory=Mobile+Phones 304 - - 19.713 ms
2024-12-02 03:58:15 [info]: GET /products?subcategory=Mobile+Phones 304 - - 9.883 ms
2024-12-02 03:59:10 [info]: GET /products?subcategory=Mobile+Phones 304 - - 3.988 ms
2024-12-02 03:59:13 [info]: GET /products/recents 304 - - 2.662 ms
2024-12-02 03:59:13 [info]: GET /products/recents 304 - - 1.947 ms
2024-12-02 03:59:14 [info]: GET /src/components/logo/logo4.png 404 30 - 0.546 ms
2024-12-02 03:59:24 [info]: GET /products/recents 304 - - 2.124 ms
2024-12-02 03:59:24 [info]: GET /products/recents 304 - - 2.495 ms
2024-12-02 03:59:25 [info]: GET /src/components/logo/logo4.png 404 30 - 0.602 ms
2024-12-02 03:59:59 [info]: GET /products/recents 304 - - 3.305 ms
2024-12-02 03:59:59 [info]: GET /products/recents 304 - - 2.841 ms
2024-12-02 03:59:59 [info]: GET /src/components/logo/logo4.png 404 30 - 0.426 ms
2024-12-02 04:04:21 [info]: GET /products/recents 304 - - 5.810 ms
2024-12-02 04:04:21 [info]: GET /products/recents 304 - - 3.089 ms
2024-12-02 04:04:21 [info]: GET /products/recents 304 - - 5.844 ms
2024-12-02 04:04:21 [info]: GET /products/recents 304 - - 3.254 ms
2024-12-02 04:04:21 [info]: GET /src/components/logo/logo4.png 404 30 - 0.373 ms
2024-12-02 04:04:21 [info]: GET /src/components/logo/logo4.png 404 30 - 0.321 ms
2024-12-02 04:05:16 [info]: GET /products/recents 304 - - 2.454 ms
2024-12-02 04:05:16 [info]: GET /products/recents 304 - - 8.310 ms
2024-12-02 04:05:26 [info]: GET /products?subcategory=Mobile+Phones 304 - - 5.166 ms
2024-12-02 04:06:37 [info]: GET /products?subcategory=Mobile+Phones 304 - - 4.135 ms
2024-12-02 04:09:59 [info]: GET /products?subcategory=Men%27s+Clothing 304 - - 10.940 ms
2024-12-02 04:23:31 [info]: GET /products?subcategory=Mobile+Phones 304 - - 3.761 ms
2024-12-02 04:23:38 [info]: GET /products?subcategory=Men%27s+Clothing 304 - - 3.015 ms
